2020-12-18 19:53:00.537561Z	info	network	common/discover.go:773	CE0F793B-47B1-4660-B0A6-94797CDC0472, asyncUpdateTask: start to send request for {namespace: "Production", service: "zhiyan_log_collect_proxy_common_tcp", event: instance, longRun: firstTask} from streamingClient 43404400921
2020-12-18 19:53:00.537695Z	info	network	common/discover.go:562	CE0F793B-47B1-4660-B0A6-94797CDC0472, checkStreamingClientAvailable: add first or retry task {namespace: "Production", service: "zhiyan_log_collect_proxy_common_tcp", event: routing, longRun: firstTask} to streamingClient 43404400921 pendingTasks
2020-12-18 19:53:00.537708Z	info	network	common/discover.go:773	CE0F793B-47B1-4660-B0A6-94797CDC0472, asyncUpdateTask: start to send request for {namespace: "Production", service: "zhiyan_log_collect_proxy_common_tcp", event: routing, longRun: firstTask} from streamingClient 43404400921
2020-12-18 19:53:00.580334Z	info	network	common/discover.go:562	CE0F793B-47B1-4660-B0A6-94797CDC0472, checkStreamingClientAvailable: add first or retry task {namespace: "Polaris", service: "polaris.monitor", event: instance, longRun: firstTask} to streamingClient 43404400921 pendingTasks
2020-12-18 19:53:00.580386Z	info	network	common/discover.go:773	CE0F793B-47B1-4660-B0A6-94797CDC0472, asyncUpdateTask: start to send request for {namespace: "Polaris", service: "polaris.monitor", event: instance, longRun: firstTask} from streamingClient 43404400921
2020-12-18 19:53:00.580426Z	info	network	common/discover.go:562	CE0F793B-47B1-4660-B0A6-94797CDC0472, checkStreamingClientAvailable: add first or retry task {namespace: "Polaris", service: "polaris.monitor", event: routing, longRun: firstTask} to streamingClient 43404400921 pendingTasks
2020-12-18 19:53:00.580436Z	info	network	common/discover.go:773	CE0F793B-47B1-4660-B0A6-94797CDC0472, asyncUpdateTask: start to send request for {namespace: "Polaris", service: "polaris.monitor", event: routing, longRun: firstTask} from streamingClient 43404400921
2020-12-22 15:16:06.831255Z	info	network	common/discover.go:773	B84A16A8-1618-4109-A836-3ACE6654F556, asyncUpdateTask: start to send request for {namespace: "Production", service: "zhiyan_log_collect_proxy_common_tcp", event: instance, longRun: firstTask} from streamingClient 4186638204
2020-12-22 15:16:06.832616Z	info	network	common/discover.go:562	B84A16A8-1618-4109-A836-3ACE6654F556, checkStreamingClientAvailable: add first or retry task {namespace: "Production", service: "zhiyan_log_collect_proxy_common_tcp", event: routing, longRun: firstTask} to streamingClient 4186638204 pendingTasks
2020-12-22 15:16:06.832642Z	info	network	common/discover.go:773	B84A16A8-1618-4109-A836-3ACE6654F556, asyncUpdateTask: start to send request for {namespace: "Production", service: "zhiyan_log_collect_proxy_common_tcp", event: routing, longRun: firstTask} from streamingClient 4186638204
2020-12-22 15:16:06.913164Z	info	network	common/discover.go:562	B84A16A8-1618-4109-A836-3ACE6654F556, checkStreamingClientAvailable: add first or retry task {namespace: "Polaris", service: "polaris.monitor", event: instance, longRun: firstTask} to streamingClient 4186638204 pendingTasks
2020-12-22 15:16:06.913183Z	info	network	common/discover.go:773	B84A16A8-1618-4109-A836-3ACE6654F556, asyncUpdateTask: start to send request for {namespace: "Polaris", service: "polaris.monitor", event: instance, longRun: firstTask} from streamingClient 4186638204
2020-12-22 15:16:06.913207Z	info	network	common/discover.go:562	B84A16A8-1618-4109-A836-3ACE6654F556, checkStreamingClientAvailable: add first or retry task {namespace: "Polaris", service: "polaris.monitor", event: routing, longRun: firstTask} to streamingClient 4186638204 pendingTasks
2020-12-22 15:16:06.913218Z	info	network	common/discover.go:773	B84A16A8-1618-4109-A836-3ACE6654F556, asyncUpdateTask: start to send request for {namespace: "Polaris", service: "polaris.monitor", event: routing, longRun: firstTask} from streamingClient 4186638204
2020-12-22 15:16:24.410873Z	info	network	common/discover.go:773	877E5885-8CEB-45C4-9E6C-C3DA8DC07539, asyncUpdateTask: start to send request for {namespace: "Production", service: "zhiyan_log_collect_proxy_common_udp", event: instance, longRun: firstTask} from streamingClient 4780588889
2020-12-22 15:16:24.410951Z	info	network	common/discover.go:562	877E5885-8CEB-45C4-9E6C-C3DA8DC07539, checkStreamingClientAvailable: add first or retry task {namespace: "Production", service: "zhiyan_log_collect_proxy_common_udp", event: routing, longRun: firstTask} to streamingClient 4780588889 pendingTasks
2020-12-22 15:16:24.410969Z	info	network	common/discover.go:773	877E5885-8CEB-45C4-9E6C-C3DA8DC07539, asyncUpdateTask: start to send request for {namespace: "Production", service: "zhiyan_log_collect_proxy_common_udp", event: routing, longRun: firstTask} from streamingClient 4780588889
2020-12-22 15:17:15.955354Z	info	network	common/discover.go:773	9281F9FD-5099-408E-A7B9-B7B2C985FD2B, asyncUpdateTask: start to send request for {namespace: "Production", service: "zhiyan_log_collect_proxy_common_tcp", event: instance, longRun: firstTask} from streamingClient 41970760962
2020-12-22 15:17:15.955447Z	info	network	common/discover.go:562	9281F9FD-5099-408E-A7B9-B7B2C985FD2B, checkStreamingClientAvailable: add first or retry task {namespace: "Production", service: "zhiyan_log_collect_proxy_common_tcp", event: routing, longRun: firstTask} to streamingClient 41970760962 pendingTasks
2020-12-22 15:17:15.955466Z	info	network	common/discover.go:773	9281F9FD-5099-408E-A7B9-B7B2C985FD2B, asyncUpdateTask: start to send request for {namespace: "Production", service: "zhiyan_log_collect_proxy_common_tcp", event: routing, longRun: firstTask} from streamingClient 41970760962
2020-12-22 15:17:15.961799Z	info	network	common/discover.go:562	9281F9FD-5099-408E-A7B9-B7B2C985FD2B, checkStreamingClientAvailable: add first or retry task {namespace: "Polaris", service: "polaris.monitor", event: routing, longRun: firstTask} to streamingClient 41970760962 pendingTasks
2020-12-22 15:17:15.961818Z	info	network	common/discover.go:773	9281F9FD-5099-408E-A7B9-B7B2C985FD2B, asyncUpdateTask: start to send request for {namespace: "Polaris", service: "polaris.monitor", event: routing, longRun: firstTask} from streamingClient 41970760962
2020-12-22 15:17:15.961858Z	info	network	common/discover.go:562	9281F9FD-5099-408E-A7B9-B7B2C985FD2B, checkStreamingClientAvailable: add first or retry task {namespace: "Polaris", service: "polaris.monitor", event: instance, longRun: firstTask} to streamingClient 41970760962 pendingTasks
2020-12-22 15:17:15.961868Z	info	network	common/discover.go:773	9281F9FD-5099-408E-A7B9-B7B2C985FD2B, asyncUpdateTask: start to send request for {namespace: "Polaris", service: "polaris.monitor", event: instance, longRun: firstTask} from streamingClient 41970760962
2020-12-22 15:18:07.685296Z	info	network	common/discover.go:773	0B00193D-6015-40E0-ACD1-51BC9C09606A, asyncUpdateTask: start to send request for {namespace: "Production", service: "zhiyan_log_collect_proxy_common_tcp", event: instance, longRun: firstTask} from streamingClient 42903253398
2020-12-22 15:18:07.685383Z	info	network	common/discover.go:562	0B00193D-6015-40E0-ACD1-51BC9C09606A, checkStreamingClientAvailable: add first or retry task {namespace: "Production", service: "zhiyan_log_collect_proxy_common_tcp", event: routing, longRun: firstTask} to streamingClient 42903253398 pendingTasks
2020-12-22 15:18:07.685426Z	info	network	common/discover.go:773	0B00193D-6015-40E0-ACD1-51BC9C09606A, asyncUpdateTask: start to send request for {namespace: "Production", service: "zhiyan_log_collect_proxy_common_tcp", event: routing, longRun: firstTask} from streamingClient 42903253398
2020-12-22 15:18:07.745300Z	info	network	common/discover.go:562	0B00193D-6015-40E0-ACD1-51BC9C09606A, checkStreamingClientAvailable: add first or retry task {namespace: "Polaris", service: "polaris.monitor", event: instance, longRun: firstTask} to streamingClient 42903253398 pendingTasks
2020-12-22 15:18:07.745350Z	info	network	common/discover.go:773	0B00193D-6015-40E0-ACD1-51BC9C09606A, asyncUpdateTask: start to send request for {namespace: "Polaris", service: "polaris.monitor", event: instance, longRun: firstTask} from streamingClient 42903253398
2020-12-22 15:18:07.745405Z	info	network	common/discover.go:562	0B00193D-6015-40E0-ACD1-51BC9C09606A, checkStreamingClientAvailable: add first or retry task {namespace: "Polaris", service: "polaris.monitor", event: routing, longRun: firstTask} to streamingClient 42903253398 pendingTasks
2020-12-22 15:18:07.745417Z	info	network	common/discover.go:773	0B00193D-6015-40E0-ACD1-51BC9C09606A, asyncUpdateTask: start to send request for {namespace: "Polaris", service: "polaris.monitor", event: routing, longRun: firstTask} from streamingClient 42903253398
2020-12-22 15:18:53.879802Z	info	network	common/discover.go:773	046ECA27-BD0C-4843-A183-8ECAD278FA3E, asyncUpdateTask: start to send request for {namespace: "Production", service: "zhiyan_log_collect_proxy_common_tcp", event: instance, longRun: firstTask} from streamingClient 41144374908
2020-12-22 15:18:53.879855Z	info	network	common/discover.go:562	046ECA27-BD0C-4843-A183-8ECAD278FA3E, checkStreamingClientAvailable: add first or retry task {namespace: "Production", service: "zhiyan_log_collect_proxy_common_tcp", event: routing, longRun: firstTask} to streamingClient 41144374908 pendingTasks
2020-12-22 15:18:53.879866Z	info	network	common/discover.go:773	046ECA27-BD0C-4843-A183-8ECAD278FA3E, asyncUpdateTask: start to send request for {namespace: "Production", service: "zhiyan_log_collect_proxy_common_tcp", event: routing, longRun: firstTask} from streamingClient 41144374908
2020-12-22 15:18:53.899557Z	info	network	common/discover.go:562	046ECA27-BD0C-4843-A183-8ECAD278FA3E, checkStreamingClientAvailable: add first or retry task {namespace: "Polaris", service: "polaris.monitor", event: routing, longRun: firstTask} to streamingClient 41144374908 pendingTasks
2020-12-22 15:18:53.899575Z	info	network	common/discover.go:773	046ECA27-BD0C-4843-A183-8ECAD278FA3E, asyncUpdateTask: start to send request for {namespace: "Polaris", service: "polaris.monitor", event: routing, longRun: firstTask} from streamingClient 41144374908
2020-12-22 15:18:53.899611Z	info	network	common/discover.go:562	046ECA27-BD0C-4843-A183-8ECAD278FA3E, checkStreamingClientAvailable: add first or retry task {namespace: "Polaris", service: "polaris.monitor", event: instance, longRun: firstTask} to streamingClient 41144374908 pendingTasks
2020-12-22 15:18:53.899621Z	info	network	common/discover.go:773	046ECA27-BD0C-4843-A183-8ECAD278FA3E, asyncUpdateTask: start to send request for {namespace: "Polaris", service: "polaris.monitor", event: instance, longRun: firstTask} from streamingClient 41144374908
2020-12-22 15:19:30.395127Z	info	network	common/discover.go:773	6941E499-3A07-4540-9961-EED34E5E9ACD, asyncUpdateTask: start to send request for {namespace: "Production", service: "zhiyan_log_collect_proxy_common_tcp", event: instance, longRun: firstTask} from streamingClient 41663127351
2020-12-22 15:19:30.395194Z	info	network	common/discover.go:562	6941E499-3A07-4540-9961-EED34E5E9ACD, checkStreamingClientAvailable: add first or retry task {namespace: "Production", service: "zhiyan_log_collect_proxy_common_tcp", event: routing, longRun: firstTask} to streamingClient 41663127351 pendingTasks
2020-12-22 15:19:30.395227Z	info	network	common/discover.go:773	6941E499-3A07-4540-9961-EED34E5E9ACD, asyncUpdateTask: start to send request for {namespace: "Production", service: "zhiyan_log_collect_proxy_common_tcp", event: routing, longRun: firstTask} from streamingClient 41663127351
2020-12-22 15:19:30.435431Z	info	network	common/discover.go:562	6941E499-3A07-4540-9961-EED34E5E9ACD, checkStreamingClientAvailable: add first or retry task {namespace: "Polaris", service: "polaris.monitor", event: instance, longRun: firstTask} to streamingClient 41663127351 pendingTasks
2020-12-22 15:19:30.435454Z	info	network	common/discover.go:773	6941E499-3A07-4540-9961-EED34E5E9ACD, asyncUpdateTask: start to send request for {namespace: "Polaris", service: "polaris.monitor", event: instance, longRun: firstTask} from streamingClient 41663127351
2020-12-22 15:19:30.435501Z	info	network	common/discover.go:562	6941E499-3A07-4540-9961-EED34E5E9ACD, checkStreamingClientAvailable: add first or retry task {namespace: "Polaris", service: "polaris.monitor", event: routing, longRun: firstTask} to streamingClient 41663127351 pendingTasks
2020-12-22 15:19:30.435510Z	info	network	common/discover.go:773	6941E499-3A07-4540-9961-EED34E5E9ACD, asyncUpdateTask: start to send request for {namespace: "Polaris", service: "polaris.monitor", event: routing, longRun: firstTask} from streamingClient 41663127351
2020-12-22 15:20:14.586336Z	info	network	common/discover.go:773	4A639F7C-60D0-4F47-896E-305CA95829AE, asyncUpdateTask: start to send request for {namespace: "Production", service: "zhiyan_log_collect_proxy_common_udp", event: instance, longRun: firstTask} from streamingClient 4854764435
2020-12-22 15:20:14.586387Z	info	network	common/discover.go:562	4A639F7C-60D0-4F47-896E-305CA95829AE, checkStreamingClientAvailable: add first or retry task {namespace: "Production", service: "zhiyan_log_collect_proxy_common_udp", event: routing, longRun: firstTask} to streamingClient 4854764435 pendingTasks
2020-12-22 15:20:14.586403Z	info	network	common/discover.go:773	4A639F7C-60D0-4F47-896E-305CA95829AE, asyncUpdateTask: start to send request for {namespace: "Production", service: "zhiyan_log_collect_proxy_common_udp", event: routing, longRun: firstTask} from streamingClient 4854764435
2020-12-22 15:20:14.642001Z	info	network	common/discover.go:562	4A639F7C-60D0-4F47-896E-305CA95829AE, checkStreamingClientAvailable: add first or retry task {namespace: "Polaris", service: "polaris.monitor", event: instance, longRun: firstTask} to streamingClient 4854764435 pendingTasks
2020-12-22 15:20:14.642046Z	info	network	common/discover.go:773	4A639F7C-60D0-4F47-896E-305CA95829AE, asyncUpdateTask: start to send request for {namespace: "Polaris", service: "polaris.monitor", event: instance, longRun: firstTask} from streamingClient 4854764435
2020-12-22 15:20:14.642088Z	info	network	common/discover.go:562	4A639F7C-60D0-4F47-896E-305CA95829AE, checkStreamingClientAvailable: add first or retry task {namespace: "Polaris", service: "polaris.monitor", event: routing, longRun: firstTask} to streamingClient 4854764435 pendingTasks
2020-12-22 15:20:14.642113Z	info	network	common/discover.go:773	4A639F7C-60D0-4F47-896E-305CA95829AE, asyncUpdateTask: start to send request for {namespace: "Polaris", service: "polaris.monitor", event: routing, longRun: firstTask} from streamingClient 4854764435
2020-12-22 15:37:50.160631Z	info	network	common/discover.go:773	7A44DD14-76CC-4DD3-8AC7-2411F1B51AC6, asyncUpdateTask: start to send request for {namespace: "Production", service: "zhiyan_log_collect_proxy_common_udp", event: instance, longRun: firstTask} from streamingClient 43879067680
2020-12-22 15:37:50.160780Z	info	network	common/discover.go:562	7A44DD14-76CC-4DD3-8AC7-2411F1B51AC6, checkStreamingClientAvailable: add first or retry task {namespace: "Production", service: "zhiyan_log_collect_proxy_common_udp", event: routing, longRun: firstTask} to streamingClient 43879067680 pendingTasks
2020-12-22 15:37:50.160802Z	info	network	common/discover.go:773	7A44DD14-76CC-4DD3-8AC7-2411F1B51AC6, asyncUpdateTask: start to send request for {namespace: "Production", service: "zhiyan_log_collect_proxy_common_udp", event: routing, longRun: firstTask} from streamingClient 43879067680
2020-12-22 15:37:50.168890Z	info	network	common/discover.go:562	7A44DD14-76CC-4DD3-8AC7-2411F1B51AC6, checkStreamingClientAvailable: add first or retry task {namespace: "Polaris", service: "polaris.monitor", event: instance, longRun: firstTask} to streamingClient 43879067680 pendingTasks
2020-12-22 15:37:50.168934Z	info	network	common/discover.go:773	7A44DD14-76CC-4DD3-8AC7-2411F1B51AC6, asyncUpdateTask: start to send request for {namespace: "Polaris", service: "polaris.monitor", event: instance, longRun: firstTask} from streamingClient 43879067680
2020-12-22 15:37:50.168979Z	info	network	common/discover.go:562	7A44DD14-76CC-4DD3-8AC7-2411F1B51AC6, checkStreamingClientAvailable: add first or retry task {namespace: "Polaris", service: "polaris.monitor", event: routing, longRun: firstTask} to streamingClient 43879067680 pendingTasks
2020-12-22 15:37:50.169005Z	info	network	common/discover.go:773	7A44DD14-76CC-4DD3-8AC7-2411F1B51AC6, asyncUpdateTask: start to send request for {namespace: "Polaris", service: "polaris.monitor", event: routing, longRun: firstTask} from streamingClient 43879067680
2020-12-22 15:38:02.136426Z	info	network	common/discover.go:773	56B0F2D0-618A-4E1D-9714-BC0710A8DCC8, asyncUpdateTask: start to send request for {namespace: "Production", service: "zhiyan_log_collect_proxy_common_udp", event: instance, longRun: firstTask} from streamingClient 42995699142
2020-12-22 15:38:02.136479Z	info	network	common/discover.go:562	56B0F2D0-618A-4E1D-9714-BC0710A8DCC8, checkStreamingClientAvailable: add first or retry task {namespace: "Production", service: "zhiyan_log_collect_proxy_common_udp", event: routing, longRun: firstTask} to streamingClient 42995699142 pendingTasks
2020-12-22 15:38:02.136490Z	info	network	common/discover.go:773	56B0F2D0-618A-4E1D-9714-BC0710A8DCC8, asyncUpdateTask: start to send request for {namespace: "Production", service: "zhiyan_log_collect_proxy_common_udp", event: routing, longRun: firstTask} from streamingClient 42995699142
2020-12-22 15:38:02.166798Z	info	network	common/discover.go:562	56B0F2D0-618A-4E1D-9714-BC0710A8DCC8, checkStreamingClientAvailable: add first or retry task {namespace: "Polaris", service: "polaris.monitor", event: instance, longRun: firstTask} to streamingClient 42995699142 pendingTasks
2020-12-22 15:38:02.166820Z	info	network	common/discover.go:773	56B0F2D0-618A-4E1D-9714-BC0710A8DCC8, asyncUpdateTask: start to send request for {namespace: "Polaris", service: "polaris.monitor", event: instance, longRun: firstTask} from streamingClient 42995699142
2020-12-22 15:38:02.166862Z	info	network	common/discover.go:562	56B0F2D0-618A-4E1D-9714-BC0710A8DCC8, checkStreamingClientAvailable: add first or retry task {namespace: "Polaris", service: "polaris.monitor", event: routing, longRun: firstTask} to streamingClient 42995699142 pendingTasks
2020-12-22 15:38:02.166872Z	info	network	common/discover.go:773	56B0F2D0-618A-4E1D-9714-BC0710A8DCC8, asyncUpdateTask: start to send request for {namespace: "Polaris", service: "polaris.monitor", event: routing, longRun: firstTask} from streamingClient 42995699142
2020-12-22 15:38:44.215631Z	info	network	common/discover.go:773	3E5FFD59-AF34-462D-A850-7A2C7E594910, asyncUpdateTask: start to send request for {namespace: "Production", service: "zhiyan_log_collect_proxy_common_udp", event: instance, longRun: firstTask} from streamingClient 43345624924
2020-12-22 15:38:44.215677Z	info	network	common/discover.go:562	3E5FFD59-AF34-462D-A850-7A2C7E594910, checkStreamingClientAvailable: add first or retry task {namespace: "Production", service: "zhiyan_log_collect_proxy_common_udp", event: routing, longRun: firstTask} to streamingClient 43345624924 pendingTasks
2020-12-22 15:38:44.215689Z	info	network	common/discover.go:773	3E5FFD59-AF34-462D-A850-7A2C7E594910, asyncUpdateTask: start to send request for {namespace: "Production", service: "zhiyan_log_collect_proxy_common_udp", event: routing, longRun: firstTask} from streamingClient 43345624924
2020-12-22 15:45:29.345485Z	info	network	common/discover.go:773	E90163D5-DB30-405E-964E-B30AC972A691, asyncUpdateTask: start to send request for {namespace: "Production", service: "zhiyan_log_collect_proxy_common_udp", event: instance, longRun: firstTask} from streamingClient 4130454945
2020-12-22 15:45:29.345541Z	info	network	common/discover.go:562	E90163D5-DB30-405E-964E-B30AC972A691, checkStreamingClientAvailable: add first or retry task {namespace: "Production", service: "zhiyan_log_collect_proxy_common_udp", event: routing, longRun: firstTask} to streamingClient 4130454945 pendingTasks
2020-12-22 15:45:29.345603Z	info	network	common/discover.go:773	E90163D5-DB30-405E-964E-B30AC972A691, asyncUpdateTask: start to send request for {namespace: "Production", service: "zhiyan_log_collect_proxy_common_udp", event: routing, longRun: firstTask} from streamingClient 4130454945
2020-12-22 15:45:29.359726Z	info	network	common/discover.go:562	E90163D5-DB30-405E-964E-B30AC972A691, checkStreamingClientAvailable: add first or retry task {namespace: "Polaris", service: "polaris.monitor", event: instance, longRun: firstTask} to streamingClient 4130454945 pendingTasks
2020-12-22 15:45:29.359747Z	info	network	common/discover.go:773	E90163D5-DB30-405E-964E-B30AC972A691, asyncUpdateTask: start to send request for {namespace: "Polaris", service: "polaris.monitor", event: instance, longRun: firstTask} from streamingClient 4130454945
2020-12-22 15:45:29.359785Z	info	network	common/discover.go:562	E90163D5-DB30-405E-964E-B30AC972A691, checkStreamingClientAvailable: add first or retry task {namespace: "Polaris", service: "polaris.monitor", event: routing, longRun: firstTask} to streamingClient 4130454945 pendingTasks
2020-12-22 15:45:29.359795Z	info	network	common/discover.go:773	E90163D5-DB30-405E-964E-B30AC972A691, asyncUpdateTask: start to send request for {namespace: "Polaris", service: "polaris.monitor", event: routing, longRun: firstTask} from streamingClient 4130454945
2020-12-22 15:46:03.157439Z	info	network	common/discover.go:773	285E698A-6E1A-4331-BB1E-CD6D437E0CEA, asyncUpdateTask: start to send request for {namespace: "Production", service: "zhiyan_log_collect_proxy_common_udp", event: instance, longRun: firstTask} from streamingClient 43277131226
2020-12-22 15:46:03.157510Z	info	network	common/discover.go:562	285E698A-6E1A-4331-BB1E-CD6D437E0CEA, checkStreamingClientAvailable: add first or retry task {namespace: "Production", service: "zhiyan_log_collect_proxy_common_udp", event: routing, longRun: firstTask} to streamingClient 43277131226 pendingTasks
2020-12-22 15:46:03.157521Z	info	network	common/discover.go:773	285E698A-6E1A-4331-BB1E-CD6D437E0CEA, asyncUpdateTask: start to send request for {namespace: "Production", service: "zhiyan_log_collect_proxy_common_udp", event: routing, longRun: firstTask} from streamingClient 43277131226
2020-12-22 15:46:03.161107Z	info	network	common/discover.go:562	285E698A-6E1A-4331-BB1E-CD6D437E0CEA, checkStreamingClientAvailable: add first or retry task {namespace: "Polaris", service: "polaris.monitor", event: instance, longRun: firstTask} to streamingClient 43277131226 pendingTasks
2020-12-22 15:46:03.161145Z	info	network	common/discover.go:773	285E698A-6E1A-4331-BB1E-CD6D437E0CEA, asyncUpdateTask: start to send request for {namespace: "Polaris", service: "polaris.monitor", event: instance, longRun: firstTask} from streamingClient 43277131226
2020-12-22 15:46:03.161177Z	info	network	common/discover.go:562	285E698A-6E1A-4331-BB1E-CD6D437E0CEA, checkStreamingClientAvailable: add first or retry task {namespace: "Polaris", service: "polaris.monitor", event: routing, longRun: firstTask} to streamingClient 43277131226 pendingTasks
2020-12-22 15:46:03.161187Z	info	network	common/discover.go:773	285E698A-6E1A-4331-BB1E-CD6D437E0CEA, asyncUpdateTask: start to send request for {namespace: "Polaris", service: "polaris.monitor", event: routing, longRun: firstTask} from streamingClient 43277131226
